<?xml version="1.0" encoding="UTF-8"?>
<!-- Generated by org.testng.reporters.JUnitReportReporter -->
<testsuite hostname="King" name="TestCases.lvyou" tests="2" failures="0" timestamp="23 Mar 2018 10:40:10 GMT" time="15.932" errors="0">
  <testcase name="case2" time="13.475" classname="TestCases.lvyou"/>
  <testcase name="case1" time="2.457" classname="TestCases.lvyou"/>
</testsuite> <!-- TestCases.lvyou -->
